<?xml version="1.0" encoding="UTF-8"?>
<!-- Generated by org.testng.reporters.JUnitReportReporter -->
<testsuite hostname="sushant" failures="0" tests="1" name="test.ZerodhaPinPageTest" time="34.228" errors="0" timestamp="2022-06-14T06:26:21 IST" skipped="0">
  <testcase classname="test.ZerodhaPinPageTest" name="enterPinnumber" time="34.228"/>
  <system-out/>
</testsuite> <!-- test.ZerodhaPinPageTest -->
