<?xml version="1.0" encoding="UTF-8"?>
<!-- Generated by org.testng.reporters.JUnitReportReporter -->
<testsuite hostname="sushant" failures="0" tests="1" name="test.ZerodhaDashboardPageTest" time="44.687" errors="0" timestamp="2022-06-14T13:55:37 IST" skipped="0">
  <testcase classname="test.ZerodhaDashboardPageTest" name="homepageOpen" time="44.687"/>
  <system-out/>
</testsuite> <!-- test.ZerodhaDashboardPageTest -->
