<?xml version="1.0" encoding="UTF-8"?>
<!-- Generated by org.testng.reporters.JUnitReportReporter -->
<testsuite hostname="sushant" failures="0" tests="1" name="test.ZerodhaDashboardPageTest1" time="56.329" errors="0" timestamp="2022-06-16T16:48:20 IST" skipped="0">
  <testcase classname="test.ZerodhaDashboardPageTest1" name="searchStockByList" time="56.329"/>
  <system-out/>
</testsuite> <!-- test.ZerodhaDashboardPageTest1 -->
