<?xml version="1.0" encoding="UTF-8"?>
<!-- Generated by org.testng.reporters.JUnitReportReporter -->
<testsuite hostname="sushant" failures="0" tests="1" name="test.ZerodhaShareBuyTest" time="21.894" errors="0" timestamp="2022-06-12T09:50:58 IST" skipped="0">
  <testcase classname="test.ZerodhaShareBuyTest" name="buyShareMis" time="21.894"/>
  <system-out/>
</testsuite> <!-- test.ZerodhaShareBuyTest -->
